<?xml version="1.0" encoding="UTF-8" ?>
<testsuite tests="22" failures="0" name="com.alsie.kataNumberToLcdTest.TestNumberToLCD" time="0.206" errors="0" skipped="0">
  <properties>
[...]
</properties>
  <testcase classname="com.alsie.kataNumberToLcdTest.TestNumberToLCD$TestNumberToLCD_FOR_0_TO_9" name="TestNumberToLCD_FOR_0" time="0.034"/>
  <testcase classname="com.alsie.kataNumberToLcdTest.TestNumberToLCD$TestNumberToLCD_FOR_0_TO_9" name="TestNumberToLCD_FOR_1" time="0.004"/>
  <testcase classname="com.alsie.kataNumberToLcdTest.TestNumberToLCD$TestNumberToLCD_FOR_0_TO_9" name="TestNumberToLCD_FOR_2" time="0.001"/>
  <testcase classname="com.alsie.kataNumberToLcdTest.TestNumberToLCD$TestNumberToLCD_FOR_0_TO_9" name="TestNumberToLCD_FOR_3" time="0.001"/>
  <testcase classname="com.alsie.kataNumberToLcdTest.TestNumberToLCD$TestNumberToLCD_FOR_0_TO_9" name="TestNumberToLCD_FOR_4" time="0.007"/>
  <testcase classname="com.alsie.kataNumberToLcdTest.TestNumberToLCD$TestNumberToLCD_FOR_0_TO_9" name="TestNumberToLCD_FOR_5" time="0"/>
  <testcase classname="com.alsie.kataNumberToLcdTest.TestNumberToLCD$TestNumberToLCD_FOR_0_TO_9" name="TestNumberToLCD_FOR_6" time="0.005"/>
  <testcase classname="com.alsie.kataNumberToLcdTest.TestNumberToLCD$TestNumberToLCD_FOR_0_TO_9" name="TestNumberToLCD_FOR_7" time="0.002"/>
  <testcase classname="com.alsie.kataNumberToLcdTest.TestNumberToLCD$TestNumberToLCD_FOR_0_TO_9" name="TestNumberToLCD_FOR_8" time="0.002"/>
  <testcase classname="com.alsie.kataNumberToLcdTest.TestNumberToLCD$TestNumberToLCD_FOR_0_TO_9" name="TestNumberToLCD_FOR_9" time="0"/>
  <testcase classname="com.alsie.kataNumberToLcdTest.TestNumberToLCD$TestNumberToLCD_FOR_0_TO_9" name="TestNumberToLCD_FOR_10" time="0.113"/>
  <testcase classname="com.alsie.kataNumberToLcdTest.TestNumberToLCD$TestNumberToLCD_FOR_100_TO_900" name="TestNumberToLCD_FOR_100" time="0.001"/>
  <testcase classname="com.alsie.kataNumberToLcdTest.TestNumberToLCD$TestNumberToLCD_FOR_100_TO_900" name="TestNumberToLCD_FOR_200" time="0"/>
  <testcase classname="com.alsie.kataNumberToLcdTest.TestNumberToLCD$TestNumberToLCD_FOR_100_TO_900" name="TestNumberToLCD_FOR_300" time="0"/>
  <testcase classname="com.alsie.kataNumberToLcdTest.TestNumberToLCD$TestNumberToLCD_FOR_100_TO_900" name="TestNumberToLCD_FOR_400" time="0"/>
  <testcase classname="com.alsie.kataNumberToLcdTest.TestNumberToLCD$TestNumberToLCD_FOR_100_TO_900" name="TestNumberToLCD_FOR_500" time="0.001"/>
  <testcase classname="com.alsie.kataNumberToLcdTest.TestNumberToLCD$TestNumberToLCD_FOR_100_TO_900" name="TestNumberToLCD_FOR_600" time="0.003"/>
  <testcase classname="com.alsie.kataNumberToLcdTest.TestNumberToLCD$TestNumberToLCD_FOR_100_TO_900" name="TestNumberToLCD_FOR_700" time="0"/>
  <testcase classname="com.alsie.kataNumberToLcdTest.TestNumberToLCD$TestNumberToLCD_FOR_100_TO_900" name="TestNumberToLCD_FOR_800" time="0.002"/>
  <testcase classname="com.alsie.kataNumberToLcdTest.TestNumberToLCD$TestNumberToLCD_FOR_100_TO_900" name="TestNumberToLCD_FOR_900" time="0.002"/>
  <testcase classname="com.alsie.kataNumberToLcdTest.TestNumberToLCD$TestNumberToLCD_YEARS" name="TestNumberToLCD_FOR_1977" time="0.001"/>
  <testcase classname="com.alsie.kataNumberToLcdTest.TestNumberToLCD$TestNumberToLCD_LEVEL" name="TestNumberToLCD_FOR_LEVEL_2_2" time="0.027"/>
</testsuite>